# JRE version: OpenJDK Runtime Environment Temurin-21.0.5+11 (21.0.5+11) (build 21.0.5+11-LTS)
# Java VM: OpenJDK 64-Bit Server VM Temurin-21.0.5+11 (21.0.5+11-LTS, mixed mode, sharing, tiered, compressed oops, compressed class ptrs, parallel gc, windows-amd64)
GC Precious Log:
 CardTable entry size: 512
 CPUs: 8 total, 8 available
 Memory: 7959M
 Large Page Support: Disabled
 NUMA Support: Disabled
 Compressed Oops: Enabled (32-bit)
 Alignments: Space 512K, Generation 512K, Heap 2M
 Heap Min Capacity: 100M
 Heap Initial Capacity: 100M
 Heap Max Capacity: 1G
 Pre-touch: Disabled
 Parallel Workers: 8
Heap:
 PSYoungGen      total 14848K, used 8756K [0x00000000eab00000, 0x00000000ebb80000, 0x0000000100000000)
  eden space 13824K, 57% used [0x00000000eab00000,0x00000000eb2c92d0,0x00000000eb880000)
  from space 1024K, 76% used [0x00000000eba80000,0x00000000ebb44030,0x00000000ebb80000)
  to   space 1024K, 0% used [0x00000000eb980000,0x00000000eb980000,0x00000000eba80000)
 ParOldGen       total 68608K, used 42618K [0x00000000c0000000, 0x00000000c4300000, 0x00000000eab00000)
  object space 68608K, 62% used [0x00000000c0000000,0x00000000c299eaf8,0x00000000c4300000)
 Metaspace       used 63148K, committed 64576K, reserved 1114112K
  class space    used 7746K, committed 8384K, reserved 1048576K
GC Heap History (20 events):
Event: 27.655 GC heap before
{Heap before GC invocations=44 (full 3):
 PSYoungGen      total 14336K, used 14197K [0x00000000eab00000, 0x00000000ebc80000, 0x0000000100000000)
  eden space 13824K, 100% used [0x00000000eab00000,0x00000000eb880000,0x00000000eb880000)
  from space 512K, 72% used [0x00000000ebc00000,0x00000000ebc5d6b8,0x00000000ebc80000)
  to   space 1024K, 0% used [0x00000000eba80000,0x00000000eba80000,0x00000000ebb80000)
 ParOldGen       total 68608K, used 39914K [0x00000000c0000000, 0x00000000c4300000, 0x00000000eab00000)
  object space 68608K, 58% used [0x00000000c0000000,0x00000000c26fab40,0x00000000c4300000)
 Metaspace       used 60920K, committed 62144K, reserved 1114112K
  class space    used 7481K, committed 8000K, reserved 1048576K
}
Event: 27.656 GC heap after
{Heap after GC invocations=44 (full 3):
 PSYoungGen      total 14848K, used 729K [0x00000000eab00000, 0x00000000ebc80000, 0x0000000100000000)
  eden space 13824K, 0% used [0x00000000eab00000,0x00000000eab00000,0x00000000eb880000)
  from space 1024K, 71% used [0x00000000eba80000,0x00000000ebb36608,0x00000000ebb80000)
  to   space 1024K, 0% used [0x00000000ebb80000,0x00000000ebb80000,0x00000000ebc80000)
 ParOldGen       total 68608K, used 40175K [0x00000000c0000000, 0x00000000c4300000, 0x00000000eab00000)
  object space 68608K, 58% used [0x00000000c0000000,0x00000000c273bc38,0x00000000c4300000)
 Metaspace       used 60920K, committed 62144K, reserved 1114112K
  class space    used 7481K, committed 8000K, reserved 1048576K
}
Event: 27.793 GC heap before
{Heap before GC invocations=45 (full 3):
 PSYoungGen      total 14848K, used 14553K [0x00000000eab00000, 0x00000000ebc80000, 0x0000000100000000)
  eden space 13824K, 100% used [0x00000000eab00000,0x00000000eb880000,0x00000000eb880000)
  from space 1024K, 71% used [0x00000000eba80000,0x00000000ebb36608,0x00000000ebb80000)
  to   space 1024K, 0% used [0x00000000ebb80000,0x00000000ebb80000,0x00000000ebc80000)
 ParOldGen       total 68608K, used 40175K [0x00000000c0000000, 0x00000000c4300000, 0x00000000eab00000)
  object space 68608K, 58% used [0x00000000c0000000,0x00000000c273bc38,0x00000000c4300000)
 Metaspace       used 60920K, committed 62144K, reserved 1114112K
  class space    used 7481K, committed 8000K, reserved 1048576K
}
Event: 27.794 GC heap after
{Heap after GC invocations=45 (full 3):
 PSYoungGen      total 14848K, used 831K [0x00000000eab00000, 0x00000000ebc80000, 0x0000000100000000)
  eden space 13824K, 0% used [0x00000000eab00000,0x00000000eab00000,0x00000000eb880000)
  from space 1024K, 81% used [0x00000000ebb80000,0x00000000ebc4fc60,0x00000000ebc80000)
  to   space 1024K, 0% used [0x00000000eba80000,0x00000000eba80000,0x00000000ebb80000)
 ParOldGen       total 68608K, used 40239K [0x00000000c0000000, 0x00000000c4300000, 0x00000000eab00000)
  object space 68608K, 58% used [0x00000000c0000000,0x00000000c274bc48,0x00000000c4300000)
 Metaspace       used 60920K, committed 62144K, reserved 1114112K
  class space    used 7481K, committed 8000K, reserved 1048576K
}
Event: 27.904 GC heap before
{Heap before GC invocations=46 (full 3):
 PSYoungGen      total 14848K, used 14655K [0x00000000eab00000, 0x00000000ebc80000, 0x0000000100000000)
  eden space 13824K, 100% used [0x00000000eab00000,0x00000000eb880000,0x00000000eb880000)
  from space 1024K, 81% used [0x00000000ebb80000,0x00000000ebc4fc60,0x00000000ebc80000)
  to   space 1024K, 0% used [0x00000000eba80000,0x00000000eba80000,0x00000000ebb80000)
 ParOldGen       total 68608K, used 40239K [0x00000000c0000000, 0x00000000c4300000, 0x00000000eab00000)
  object space 68608K, 58% used [0x00000000c0000000,0x00000000c274bc48,0x00000000c4300000)
 Metaspace       used 60920K, committed 62144K, reserved 1114112K
  class space    used 7481K, committed 8000K, reserved 1048576K
}
Event: 27.905 GC heap after
{Heap after GC invocations=46 (full 3):
 PSYoungGen      total 14848K, used 224K [0x00000000eab00000, 0x00000000ebc00000, 0x0000000100000000)
  eden space 13824K, 0% used [0x00000000eab00000,0x00000000eab00000,0x00000000eb880000)
  from space 1024K, 21% used [0x00000000eba80000,0x00000000ebab8000,0x00000000ebb80000)
  to   space 512K, 0% used [0x00000000ebb80000,0x00000000ebb80000,0x00000000ebc00000)
 ParOldGen       total 68608K, used 40370K [0x00000000c0000000, 0x00000000c4300000, 0x00000000eab00000)
  object space 68608K, 58% used [0x00000000c0000000,0x00000000c276c958,0x00000000c4300000)
 Metaspace       used 60920K, committed 62144K, reserved 1114112K
  class space    used 7481K, committed 8000K, reserved 1048576K
}
Event: 28.020 GC heap before
{Heap before GC invocations=47 (full 3):
 PSYoungGen      total 14848K, used 14048K [0x00000000eab00000, 0x00000000ebc00000, 0x0000000100000000)
  eden space 13824K, 100% used [0x00000000eab00000,0x00000000eb880000,0x00000000eb880000)
  from space 1024K, 21% used [0x00000000eba80000,0x00000000ebab8000,0x00000000ebb80000)
  to   space 512K, 0% used [0x00000000ebb80000,0x00000000ebb80000,0x00000000ebc00000)
 ParOldGen       total 68608K, used 40370K [0x00000000c0000000, 0x00000000c4300000, 0x00000000eab00000)
  object space 68608K, 58% used [0x00000000c0000000,0x00000000c276c958,0x00000000c4300000)
 Metaspace       used 60920K, committed 62144K, reserved 1114112K
  class space    used 7481K, committed 8000K, reserved 1048576K
}
Event: 28.021 GC heap after
{Heap after GC invocations=47 (full 3):
 PSYoungGen      total 14336K, used 492K [0x00000000eab00000, 0x00000000ebc00000, 0x0000000100000000)
  eden space 13824K, 0% used [0x00000000eab00000,0x00000000eab00000,0x00000000eb880000)
  from space 512K, 96% used [0x00000000ebb80000,0x00000000ebbfb010,0x00000000ebc00000)
  to   space 1536K, 0% used [0x00000000eb900000,0x00000000eb900000,0x00000000eba80000)
 ParOldGen       total 68608K, used 41093K [0x00000000c0000000, 0x00000000c4300000, 0x00000000eab00000)
  object space 68608K, 59% used [0x00000000c0000000,0x00000000c2821510,0x00000000c4300000)
 Metaspace       used 60920K, committed 62144K, reserved 1114112K
  class space    used 7481K, committed 8000K, reserved 1048576K
}
Event: 28.125 GC heap before
{Heap before GC invocations=48 (full 3):
 PSYoungGen      total 14336K, used 14316K [0x00000000eab00000, 0x00000000ebc00000, 0x0000000100000000)
  eden space 13824K, 100% used [0x00000000eab00000,0x00000000eb880000,0x00000000eb880000)
  from space 512K, 96% used [0x00000000ebb80000,0x00000000ebbfb010,0x00000000ebc00000)
  to   space 1536K, 0% used [0x00000000eb900000,0x00000000eb900000,0x00000000eba80000)
 ParOldGen       total 68608K, used 41093K [0x00000000c0000000, 0x00000000c4300000, 0x00000000eab00000)
  object space 68608K, 59% used [0x00000000c0000000,0x00000000c2821510,0x00000000c4300000)
 Metaspace       used 60920K, committed 62144K, reserved 1114112K
  class space    used 7481K, committed 8000K, reserved 1048576K
}
Event: 28.125 GC heap after
{Heap after GC invocations=48 (full 3):
 PSYoungGen      total 15360K, used 288K [0x00000000eab00000, 0x00000000ebc00000, 0x0000000100000000)
  eden space 13824K, 0% used [0x00000000eab00000,0x00000000eab00000,0x00000000eb880000)
  from space 1536K, 18% used [0x00000000eb900000,0x00000000eb948000,0x00000000eba80000)
  to   space 1024K, 0% used [0x00000000ebb00000,0x00000000ebb00000,0x00000000ebc00000)
 ParOldGen       total 68608K, used 41133K [0x00000000c0000000, 0x00000000c4300000, 0x00000000eab00000)
  object space 68608K, 59% used [0x00000000c0000000,0x00000000c282b510,0x00000000c4300000)
 Metaspace       used 60920K, committed 62144K, reserved 1114112K
  class space    used 7481K, committed 8000K, reserved 1048576K
}
Event: 28.202 GC heap before
{Heap before GC invocations=49 (full 3):
 PSYoungGen      total 15360K, used 14112K [0x00000000eab00000, 0x00000000ebc00000, 0x0000000100000000)
  eden space 13824K, 100% used [0x00000000eab00000,0x00000000eb880000,0x00000000eb880000)
  from space 1536K, 18% used [0x00000000eb900000,0x00000000eb948000,0x00000000eba80000)
  to   space 1024K, 0% used [0x00000000ebb00000,0x00000000ebb00000,0x00000000ebc00000)
 ParOldGen       total 68608K, used 41133K [0x00000000c0000000, 0x00000000c4300000, 0x00000000eab00000)
  object space 68608K, 59% used [0x00000000c0000000,0x00000000c282b510,0x00000000c4300000)
 Metaspace       used 60920K, committed 62144K, reserved 1114112K
  class space    used 7481K, committed 8000K, reserved 1048576K
}
Event: 28.203 GC heap after
{Heap after GC invocations=49 (full 3):
 PSYoungGen      total 14848K, used 961K [0x00000000eab00000, 0x00000000ebc00000, 0x0000000100000000)
  eden space 13824K, 0% used [0x00000000eab00000,0x00000000eab00000,0x00000000eb880000)
  from space 1024K, 93% used [0x00000000ebb00000,0x00000000ebbf07e8,0x00000000ebc00000)
  to   space 1536K, 0% used [0x00000000eb900000,0x00000000eb900000,0x00000000eba80000)
 ParOldGen       total 68608K, used 41320K [0x00000000c0000000, 0x00000000c4300000, 0x00000000eab00000)
  object space 68608K, 60% used [0x00000000c0000000,0x00000000c285a078,0x00000000c4300000)
 Metaspace       used 60920K, committed 62144K, reserved 1114112K
  class space    used 7481K, committed 8000K, reserved 1048576K
}
Event: 28.299 GC heap before
{Heap before GC invocations=50 (full 3):
 PSYoungGen      total 14848K, used 14785K [0x00000000eab00000, 0x00000000ebc00000, 0x0000000100000000)
  eden space 13824K, 100% used [0x00000000eab00000,0x00000000eb880000,0x00000000eb880000)
  from space 1024K, 93% used [0x00000000ebb00000,0x00000000ebbf07e8,0x00000000ebc00000)
  to   space 1536K, 0% used [0x00000000eb900000,0x00000000eb900000,0x00000000eba80000)
 ParOldGen       total 68608K, used 41320K [0x00000000c0000000, 0x00000000c4300000, 0x00000000eab00000)
  object space 68608K, 60% used [0x00000000c0000000,0x00000000c285a078,0x00000000c4300000)
 Metaspace       used 60920K, committed 62144K, reserved 1114112K
  class space    used 7481K, committed 8000K, reserved 1048576K
}
Event: 28.301 GC heap after
{Heap after GC invocations=50 (full 3):
 PSYoungGen      total 15360K, used 837K [0x00000000eab00000, 0x00000000ebb80000, 0x0000000100000000)
  eden space 13824K, 0% used [0x00000000eab00000,0x00000000eab00000,0x00000000eb880000)
  from space 1536K, 54% used [0x00000000eb900000,0x00000000eb9d14c0,0x00000000eba80000)
  to   space 1024K, 0% used [0x00000000eba80000,0x00000000eba80000,0x00000000ebb80000)
 ParOldGen       total 68608K, used 41376K [0x00000000c0000000, 0x00000000c4300000, 0x00000000eab00000)
  object space 68608K, 60% used [0x00000000c0000000,0x00000000c2868088,0x00000000c4300000)
 Metaspace       used 60920K, committed 62144K, reserved 1114112K
  class space    used 7481K, committed 8000K, reserved 1048576K
}
Event: 28.383 GC heap before
{Heap before GC invocations=51 (full 3):
 PSYoungGen      total 15360K, used 14661K [0x00000000eab00000, 0x00000000ebb80000, 0x0000000100000000)
  eden space 13824K, 100% used [0x00000000eab00000,0x00000000eb880000,0x00000000eb880000)
  from space 1536K, 54% used [0x00000000eb900000,0x00000000eb9d14c0,0x00000000eba80000)
  to   space 1024K, 0% used [0x00000000eba80000,0x00000000eba80000,0x00000000ebb80000)
 ParOldGen       total 68608K, used 41376K [0x00000000c0000000, 0x00000000c4300000, 0x00000000eab00000)
  object space 68608K, 60% used [0x00000000c0000000,0x00000000c2868088,0x00000000c4300000)
 Metaspace       used 60920K, committed 62144K, reserved 1114112K
  class space    used 7481K, committed 8000K, reserved 1048576K
}
Event: 28.384 GC heap after
{Heap after GC invocations=51 (full 3):
 PSYoungGen      total 14336K, used 226K [0x00000000eab00000, 0x00000000ebb00000, 0x0000000100000000)
  eden space 13824K, 0% used [0x00000000eab00000,0x00000000eab00000,0x00000000eb880000)
  from space 512K, 44% used [0x00000000eba80000,0x00000000ebab89d0,0x00000000ebb00000)
  to   space 512K, 0% used [0x00000000eba00000,0x00000000eba00000,0x00000000eba80000)
 ParOldGen       total 68608K, used 41542K [0x00000000c0000000, 0x00000000c4300000, 0x00000000eab00000)
  object space 68608K, 60% used [0x00000000c0000000,0x00000000c2891aa8,0x00000000c4300000)
 Metaspace       used 60920K, committed 62144K, reserved 1114112K
  class space    used 7481K, committed 8000K, reserved 1048576K
}
Event: 32.075 GC heap before
{Heap before GC invocations=52 (full 3):
 PSYoungGen      total 14336K, used 14050K [0x00000000eab00000, 0x00000000ebb00000, 0x0000000100000000)
  eden space 13824K, 99% used [0x00000000eab00000,0x00000000eb87ffe8,0x00000000eb880000)
  from space 512K, 44% used [0x00000000eba80000,0x00000000ebab89d0,0x00000000ebb00000)
  to   space 512K, 0% used [0x00000000eba00000,0x00000000eba00000,0x00000000eba80000)
 ParOldGen       total 68608K, used 41542K [0x00000000c0000000, 0x00000000c4300000, 0x00000000eab00000)
  object space 68608K, 60% used [0x00000000c0000000,0x00000000c2891aa8,0x00000000c4300000)
 Metaspace       used 61874K, committed 63232K, reserved 1114112K
  class space    used 7620K, committed 8192K, reserved 1048576K
}
Event: 32.078 GC heap after
{Heap after GC invocations=52 (full 3):
 PSYoungGen      total 14336K, used 480K [0x00000000eab00000, 0x00000000ebb80000, 0x0000000100000000)
  eden space 13824K, 0% used [0x00000000eab00000,0x00000000eab00000,0x00000000eb880000)
  from space 512K, 93% used [0x00000000eba00000,0x00000000eba78010,0x00000000eba80000)
  to   space 1024K, 0% used [0x00000000eba80000,0x00000000eba80000,0x00000000ebb80000)
 ParOldGen       total 68608K, used 42274K [0x00000000c0000000, 0x00000000c4300000, 0x00000000eab00000)
  object space 68608K, 61% used [0x00000000c0000000,0x00000000c2948ae8,0x00000000c4300000)
 Metaspace       used 61874K, committed 63232K, reserved 1114112K
  class space    used 7620K, committed 8192K, reserved 1048576K
}
Event: 95.966 GC heap before
{Heap before GC invocations=53 (full 3):
 PSYoungGen      total 14336K, used 14304K [0x00000000eab00000, 0x00000000ebb80000, 0x0000000100000000)
  eden space 13824K, 100% used [0x00000000eab00000,0x00000000eb880000,0x00000000eb880000)
  from space 512K, 93% used [0x00000000eba00000,0x00000000eba78010,0x00000000eba80000)
  to   space 1024K, 0% used [0x00000000eba80000,0x00000000eba80000,0x00000000ebb80000)
 ParOldGen       total 68608K, used 42274K [0x00000000c0000000, 0x00000000c4300000, 0x00000000eab00000)
  object space 68608K, 61% used [0x00000000c0000000,0x00000000c2948ae8,0x00000000c4300000)
 Metaspace       used 63017K, committed 64384K, reserved 1114112K
  class space    used 7746K, committed 8384K, reserved 1048576K
}
Event: 95.998 GC heap after
{Heap after GC invocations=53 (full 3):
 PSYoungGen      total 14848K, used 784K [0x00000000eab00000, 0x00000000ebb80000, 0x0000000100000000)
  eden space 13824K, 0% used [0x00000000eab00000,0x00000000eab00000,0x00000000eb880000)
  from space 1024K, 76% used [0x00000000eba80000,0x00000000ebb44030,0x00000000ebb80000)
  to   space 1024K, 0% used [0x00000000eb980000,0x00000000eb980000,0x00000000eba80000)
 ParOldGen       total 68608K, used 42618K [0x00000000c0000000, 0x00000000c4300000, 0x00000000eab00000)
  object space 68608K, 62% used [0x00000000c0000000,0x00000000c299eaf8,0x00000000c4300000)
 Metaspace       used 63017K, committed 64384K, reserved 1114112K
  class space    used 7746K, committed 8384K, reserved 1048576K
}

