# JRE version: OpenJDK Runtime Environment Temurin-21.0.5+11 (21.0.5+11) (build 21.0.5+11-LTS)
# Java VM: OpenJDK 64-Bit Server VM Temurin-21.0.5+11 (21.0.5+11-LTS, mixed mode, sharing, tiered, compressed oops, compressed class ptrs, parallel gc, windows-amd64)
GC Precious Log:
 CardTable entry size: 512
 CPUs: 8 total, 8 available
 Memory: 7959M
 Large Page Support: Disabled
 NUMA Support: Disabled
 Compressed Oops: Enabled (32-bit)
 Alignments: Space 512K, Generation 512K, Heap 2M
 Heap Min Capacity: 100M
 Heap Initial Capacity: 100M
 Heap Max Capacity: 1G
 Pre-touch: Disabled
 Parallel Workers: 8
Heap:
 PSYoungGen      total 21504K, used 11045K [0x00000000eab00000, 0x00000000ec280000, 0x0000000100000000)
  eden space 20992K, 50% used [0x00000000eab00000,0x00000000eb54d6a0,0x00000000ebf80000)
  from space 512K, 96% used [0x00000000ec080000,0x00000000ec0fc020,0x00000000ec100000)
  to   space 1536K, 0% used [0x00000000ec100000,0x00000000ec100000,0x00000000ec280000)
 ParOldGen       total 68608K, used 41561K [0x00000000c0000000, 0x00000000c4300000, 0x00000000eab00000)
  object space 68608K, 60% used [0x00000000c0000000,0x00000000c28967d0,0x00000000c4300000)
 Metaspace       used 63205K, committed 64512K, reserved 1114112K
  class space    used 7747K, committed 8384K, reserved 1048576K
GC Heap History (20 events):
Event: 45.865 GC heap before
{Heap before GC invocations=33 (full 3):
 PSYoungGen      total 22528K, used 22522K [0x00000000eab00000, 0x00000000ec380000, 0x0000000100000000)
  eden space 22016K, 100% used [0x00000000eab00000,0x00000000ec080000,0x00000000ec080000)
  from space 512K, 98% used [0x00000000ec200000,0x00000000ec27e850,0x00000000ec280000)
  to   space 1024K, 0% used [0x00000000ec280000,0x00000000ec280000,0x00000000ec380000)
 ParOldGen       total 68608K, used 38797K [0x00000000c0000000, 0x00000000c4300000, 0x00000000eab00000)
  object space 68608K, 56% used [0x00000000c0000000,0x00000000c25e35e0,0x00000000c4300000)
 Metaspace       used 60934K, committed 62208K, reserved 1114112K
  class space    used 7476K, committed 8064K, reserved 1048576K
}
Event: 45.867 GC heap after
{Heap after GC invocations=33 (full 3):
 PSYoungGen      total 22528K, used 400K [0x00000000eab00000, 0x00000000ec300000, 0x0000000100000000)
  eden space 22016K, 0% used [0x00000000eab00000,0x00000000eab00000,0x00000000ec080000)
  from space 512K, 78% used [0x00000000ec280000,0x00000000ec2e4010,0x00000000ec300000)
  to   space 512K, 0% used [0x00000000ec200000,0x00000000ec200000,0x00000000ec280000)
 ParOldGen       total 68608K, used 38981K [0x00000000c0000000, 0x00000000c4300000, 0x00000000eab00000)
  object space 68608K, 56% used [0x00000000c0000000,0x00000000c26115e0,0x00000000c4300000)
 Metaspace       used 60934K, committed 62208K, reserved 1114112K
  class space    used 7476K, committed 8064K, reserved 1048576K
}
Event: 46.104 GC heap before
{Heap before GC invocations=34 (full 3):
 PSYoungGen      total 22528K, used 22416K [0x00000000eab00000, 0x00000000ec300000, 0x0000000100000000)
  eden space 22016K, 100% used [0x00000000eab00000,0x00000000ec080000,0x00000000ec080000)
  from space 512K, 78% used [0x00000000ec280000,0x00000000ec2e4010,0x00000000ec300000)
  to   space 512K, 0% used [0x00000000ec200000,0x00000000ec200000,0x00000000ec280000)
 ParOldGen       total 68608K, used 38981K [0x00000000c0000000, 0x00000000c4300000, 0x00000000eab00000)
  object space 68608K, 56% used [0x00000000c0000000,0x00000000c26115e0,0x00000000c4300000)
 Metaspace       used 60974K, committed 62208K, reserved 1114112K
  class space    used 7481K, committed 8064K, reserved 1048576K
}
Event: 46.105 GC heap after
{Heap after GC invocations=34 (full 3):
 PSYoungGen      total 22528K, used 509K [0x00000000eab00000, 0x00000000ec300000, 0x0000000100000000)
  eden space 22016K, 0% used [0x00000000eab00000,0x00000000eab00000,0x00000000ec080000)
  from space 512K, 99% used [0x00000000ec200000,0x00000000ec27f5b0,0x00000000ec280000)
  to   space 512K, 0% used [0x00000000ec280000,0x00000000ec280000,0x00000000ec300000)
 ParOldGen       total 68608K, used 39314K [0x00000000c0000000, 0x00000000c4300000, 0x00000000eab00000)
  object space 68608K, 57% used [0x00000000c0000000,0x00000000c2664960,0x00000000c4300000)
 Metaspace       used 60974K, committed 62208K, reserved 1114112K
  class space    used 7481K, committed 8064K, reserved 1048576K
}
Event: 46.488 GC heap before
{Heap before GC invocations=35 (full 3):
 PSYoungGen      total 22528K, used 22525K [0x00000000eab00000, 0x00000000ec300000, 0x0000000100000000)
  eden space 22016K, 100% used [0x00000000eab00000,0x00000000ec080000,0x00000000ec080000)
  from space 512K, 99% used [0x00000000ec200000,0x00000000ec27f5b0,0x00000000ec280000)
  to   space 512K, 0% used [0x00000000ec280000,0x00000000ec280000,0x00000000ec300000)
 ParOldGen       total 68608K, used 39314K [0x00000000c0000000, 0x00000000c4300000, 0x00000000eab00000)
  object space 68608K, 57% used [0x00000000c0000000,0x00000000c2664960,0x00000000c4300000)
 Metaspace       used 60974K, committed 62208K, reserved 1114112K
  class space    used 7481K, committed 8064K, reserved 1048576K
}
Event: 46.489 GC heap after
{Heap after GC invocations=35 (full 3):
 PSYoungGen      total 22528K, used 508K [0x00000000eab00000, 0x00000000ec300000, 0x0000000100000000)
  eden space 22016K, 0% used [0x00000000eab00000,0x00000000eab00000,0x00000000ec080000)
  from space 512K, 99% used [0x00000000ec280000,0x00000000ec2ff2b0,0x00000000ec300000)
  to   space 1024K, 0% used [0x00000000ec100000,0x00000000ec100000,0x00000000ec200000)
 ParOldGen       total 68608K, used 39571K [0x00000000c0000000, 0x00000000c4300000, 0x00000000eab00000)
  object space 68608K, 57% used [0x00000000c0000000,0x00000000c26a4e10,0x00000000c4300000)
 Metaspace       used 60974K, committed 62208K, reserved 1114112K
  class space    used 7481K, committed 8064K, reserved 1048576K
}
Event: 46.695 GC heap before
{Heap before GC invocations=36 (full 3):
 PSYoungGen      total 22528K, used 22524K [0x00000000eab00000, 0x00000000ec300000, 0x0000000100000000)
  eden space 22016K, 99% used [0x00000000eab00000,0x00000000ec07ff38,0x00000000ec080000)
  from space 512K, 99% used [0x00000000ec280000,0x00000000ec2ff2b0,0x00000000ec300000)
  to   space 1024K, 0% used [0x00000000ec100000,0x00000000ec100000,0x00000000ec200000)
 ParOldGen       total 68608K, used 39571K [0x00000000c0000000, 0x00000000c4300000, 0x00000000eab00000)
  object space 68608K, 57% used [0x00000000c0000000,0x00000000c26a4e10,0x00000000c4300000)
 Metaspace       used 60989K, committed 62208K, reserved 1114112K
  class space    used 7481K, committed 8064K, reserved 1048576K
}
Event: 46.697 GC heap after
{Heap after GC invocations=36 (full 3):
 PSYoungGen      total 23040K, used 1004K [0x00000000eab00000, 0x00000000ec380000, 0x0000000100000000)
  eden space 22016K, 0% used [0x00000000eab00000,0x00000000eab00000,0x00000000ec080000)
  from space 1024K, 98% used [0x00000000ec100000,0x00000000ec1fb158,0x00000000ec200000)
  to   space 1536K, 0% used [0x00000000ec200000,0x00000000ec200000,0x00000000ec380000)
 ParOldGen       total 68608K, used 39643K [0x00000000c0000000, 0x00000000c4300000, 0x00000000eab00000)
  object space 68608K, 57% used [0x00000000c0000000,0x00000000c26b6ed8,0x00000000c4300000)
 Metaspace       used 60989K, committed 62208K, reserved 1114112K
  class space    used 7481K, committed 8064K, reserved 1048576K
}
Event: 46.867 GC heap before
{Heap before GC invocations=37 (full 3):
 PSYoungGen      total 23040K, used 23020K [0x00000000eab00000, 0x00000000ec380000, 0x0000000100000000)
  eden space 22016K, 100% used [0x00000000eab00000,0x00000000ec080000,0x00000000ec080000)
  from space 1024K, 98% used [0x00000000ec100000,0x00000000ec1fb158,0x00000000ec200000)
  to   space 1536K, 0% used [0x00000000ec200000,0x00000000ec200000,0x00000000ec380000)
 ParOldGen       total 68608K, used 39643K [0x00000000c0000000, 0x00000000c4300000, 0x00000000eab00000)
  object space 68608K, 57% used [0x00000000c0000000,0x00000000c26b6ed8,0x00000000c4300000)
 Metaspace       used 61072K, committed 62336K, reserved 1114112K
  class space    used 7483K, committed 8064K, reserved 1048576K
}
Event: 46.868 GC heap after
{Heap after GC invocations=37 (full 3):
 PSYoungGen      total 22528K, used 1532K [0x00000000eab00000, 0x00000000ec580000, 0x0000000100000000)
  eden space 20992K, 0% used [0x00000000eab00000,0x00000000eab00000,0x00000000ebf80000)
  from space 1536K, 99% used [0x00000000ec200000,0x00000000ec37f088,0x00000000ec380000)
  to   space 2560K, 0% used [0x00000000ebf80000,0x00000000ebf80000,0x00000000ec200000)
 ParOldGen       total 68608K, used 40202K [0x00000000c0000000, 0x00000000c4300000, 0x00000000eab00000)
  object space 68608K, 58% used [0x00000000c0000000,0x00000000c2742bc8,0x00000000c4300000)
 Metaspace       used 61072K, committed 62336K, reserved 1114112K
  class space    used 7483K, committed 8064K, reserved 1048576K
}
Event: 46.991 GC heap before
{Heap before GC invocations=38 (full 3):
 PSYoungGen      total 22528K, used 22524K [0x00000000eab00000, 0x00000000ec580000, 0x0000000100000000)
  eden space 20992K, 100% used [0x00000000eab00000,0x00000000ebf80000,0x00000000ebf80000)
  from space 1536K, 99% used [0x00000000ec200000,0x00000000ec37f088,0x00000000ec380000)
  to   space 2560K, 0% used [0x00000000ebf80000,0x00000000ebf80000,0x00000000ec200000)
 ParOldGen       total 68608K, used 40202K [0x00000000c0000000, 0x00000000c4300000, 0x00000000eab00000)
  object space 68608K, 58% used [0x00000000c0000000,0x00000000c2742bc8,0x00000000c4300000)
 Metaspace       used 61072K, committed 62336K, reserved 1114112K
  class space    used 7483K, committed 8064K, reserved 1048576K
}
Event: 46.992 GC heap after
{Heap after GC invocations=38 (full 3):
 PSYoungGen      total 22016K, used 747K [0x00000000eab00000, 0x00000000ec280000, 0x0000000100000000)
  eden space 20992K, 0% used [0x00000000eab00000,0x00000000eab00000,0x00000000ebf80000)
  from space 1024K, 73% used [0x00000000ebf80000,0x00000000ec03af20,0x00000000ec080000)
  to   space 1536K, 0% used [0x00000000ec100000,0x00000000ec100000,0x00000000ec280000)
 ParOldGen       total 68608K, used 41081K [0x00000000c0000000, 0x00000000c4300000, 0x00000000eab00000)
  object space 68608K, 59% used [0x00000000c0000000,0x00000000c281e7d0,0x00000000c4300000)
 Metaspace       used 61072K, committed 62336K, reserved 1114112K
  class space    used 7483K, committed 8064K, reserved 1048576K
}
Event: 47.084 GC heap before
{Heap before GC invocations=39 (full 3):
 PSYoungGen      total 22016K, used 21739K [0x00000000eab00000, 0x00000000ec280000, 0x0000000100000000)
  eden space 20992K, 100% used [0x00000000eab00000,0x00000000ebf80000,0x00000000ebf80000)
  from space 1024K, 73% used [0x00000000ebf80000,0x00000000ec03af20,0x00000000ec080000)
  to   space 1536K, 0% used [0x00000000ec100000,0x00000000ec100000,0x00000000ec280000)
 ParOldGen       total 68608K, used 41081K [0x00000000c0000000, 0x00000000c4300000, 0x00000000eab00000)
  object space 68608K, 59% used [0x00000000c0000000,0x00000000c281e7d0,0x00000000c4300000)
 Metaspace       used 61072K, committed 62336K, reserved 1114112K
  class space    used 7483K, committed 8064K, reserved 1048576K
}
Event: 47.085 GC heap after
{Heap after GC invocations=39 (full 3):
 PSYoungGen      total 22016K, used 795K [0x00000000eab00000, 0x00000000ec200000, 0x0000000100000000)
  eden space 20992K, 0% used [0x00000000eab00000,0x00000000eab00000,0x00000000ebf80000)
  from space 1024K, 77% used [0x00000000ec100000,0x00000000ec1c6f20,0x00000000ec200000)
  to   space 1024K, 0% used [0x00000000ebf80000,0x00000000ebf80000,0x00000000ec080000)
 ParOldGen       total 68608K, used 41121K [0x00000000c0000000, 0x00000000c4300000, 0x00000000eab00000)
  object space 68608K, 59% used [0x00000000c0000000,0x00000000c28287d0,0x00000000c4300000)
 Metaspace       used 61072K, committed 62336K, reserved 1114112K
  class space    used 7483K, committed 8064K, reserved 1048576K
}
Event: 47.192 GC heap before
{Heap before GC invocations=40 (full 3):
 PSYoungGen      total 22016K, used 21787K [0x00000000eab00000, 0x00000000ec200000, 0x0000000100000000)
  eden space 20992K, 100% used [0x00000000eab00000,0x00000000ebf80000,0x00000000ebf80000)
  from space 1024K, 77% used [0x00000000ec100000,0x00000000ec1c6f20,0x00000000ec200000)
  to   space 1024K, 0% used [0x00000000ebf80000,0x00000000ebf80000,0x00000000ec080000)
 ParOldGen       total 68608K, used 41121K [0x00000000c0000000, 0x00000000c4300000, 0x00000000eab00000)
  object space 68608K, 59% used [0x00000000c0000000,0x00000000c28287d0,0x00000000c4300000)
 Metaspace       used 61072K, committed 62336K, reserved 1114112K
  class space    used 7483K, committed 8064K, reserved 1048576K
}
Event: 47.192 GC heap after
{Heap after GC invocations=40 (full 3):
 PSYoungGen      total 22016K, used 224K [0x00000000eab00000, 0x00000000ec180000, 0x0000000100000000)
  eden space 20992K, 0% used [0x00000000eab00000,0x00000000eab00000,0x00000000ebf80000)
  from space 1024K, 21% used [0x00000000ebf80000,0x00000000ebfb8000,0x00000000ec080000)
  to   space 512K, 0% used [0x00000000ec100000,0x00000000ec100000,0x00000000ec180000)
 ParOldGen       total 68608K, used 41137K [0x00000000c0000000, 0x00000000c4300000, 0x00000000eab00000)
  object space 68608K, 59% used [0x00000000c0000000,0x00000000c282c7d0,0x00000000c4300000)
 Metaspace       used 61072K, committed 62336K, reserved 1114112K
  class space    used 7483K, committed 8064K, reserved 1048576K
}
Event: 47.343 GC heap before
{Heap before GC invocations=41 (full 3):
 PSYoungGen      total 22016K, used 21216K [0x00000000eab00000, 0x00000000ec180000, 0x0000000100000000)
  eden space 20992K, 100% used [0x00000000eab00000,0x00000000ebf80000,0x00000000ebf80000)
  from space 1024K, 21% used [0x00000000ebf80000,0x00000000ebfb8000,0x00000000ec080000)
  to   space 512K, 0% used [0x00000000ec100000,0x00000000ec100000,0x00000000ec180000)
 ParOldGen       total 68608K, used 41137K [0x00000000c0000000, 0x00000000c4300000, 0x00000000eab00000)
  object space 68608K, 59% used [0x00000000c0000000,0x00000000c282c7d0,0x00000000c4300000)
 Metaspace       used 61215K, committed 62464K, reserved 1114112K
  class space    used 7521K, committed 8064K, reserved 1048576K
}
Event: 47.344 GC heap after
{Heap after GC invocations=41 (full 3):
 PSYoungGen      total 21504K, used 256K [0x00000000eab00000, 0x00000000ec180000, 0x0000000100000000)
  eden space 20992K, 0% used [0x00000000eab00000,0x00000000eab00000,0x00000000ebf80000)
  from space 512K, 50% used [0x00000000ec100000,0x00000000ec140000,0x00000000ec180000)
  to   space 512K, 0% used [0x00000000ec080000,0x00000000ec080000,0x00000000ec100000)
 ParOldGen       total 68608K, used 41145K [0x00000000c0000000, 0x00000000c4300000, 0x00000000eab00000)
  object space 68608K, 59% used [0x00000000c0000000,0x00000000c282e7d0,0x00000000c4300000)
 Metaspace       used 61215K, committed 62464K, reserved 1114112K
  class space    used 7521K, committed 8064K, reserved 1048576K
}
Event: 104.432 GC heap before
{Heap before GC invocations=42 (full 3):
 PSYoungGen      total 21504K, used 21247K [0x00000000eab00000, 0x00000000ec180000, 0x0000000100000000)
  eden space 20992K, 99% used [0x00000000eab00000,0x00000000ebf7ffd8,0x00000000ebf80000)
  from space 512K, 50% used [0x00000000ec100000,0x00000000ec140000,0x00000000ec180000)
  to   space 512K, 0% used [0x00000000ec080000,0x00000000ec080000,0x00000000ec100000)
 ParOldGen       total 68608K, used 41145K [0x00000000c0000000, 0x00000000c4300000, 0x00000000eab00000)
  object space 68608K, 59% used [0x00000000c0000000,0x00000000c282e7d0,0x00000000c4300000)
 Metaspace       used 63062K, committed 64384K, reserved 1114112K
  class space    used 7746K, committed 8384K, reserved 1048576K
}
Event: 105.364 GC heap after
{Heap after GC invocations=42 (full 3):
 PSYoungGen      total 21504K, used 496K [0x00000000eab00000, 0x00000000ec280000, 0x0000000100000000)
  eden space 20992K, 0% used [0x00000000eab00000,0x00000000eab00000,0x00000000ebf80000)
  from space 512K, 96% used [0x00000000ec080000,0x00000000ec0fc020,0x00000000ec100000)
  to   space 1536K, 0% used [0x00000000ec100000,0x00000000ec100000,0x00000000ec280000)
 ParOldGen       total 68608K, used 41561K [0x00000000c0000000, 0x00000000c4300000, 0x00000000eab00000)
  object space 68608K, 60% used [0x00000000c0000000,0x00000000c28967d0,0x00000000c4300000)
 Metaspace       used 63062K, committed 64384K, reserved 1114112K
  class space    used 7746K, committed 8384K, reserved 1048576K
}

