# JRE version: Java(TM) SE Runtime Environment (21.0.4+8) (build 21.0.4+8-LTS-274)
# Java VM: Java HotSpot(TM) 64-Bit Server VM (21.0.4+8-LTS-274, mixed mode, sharing, tiered, compressed oops, compressed class ptrs, g1 gc, windows-amd64)
GC Precious Log:
 CardTable entry size: 512
 Card Set container configuration: InlinePtr #cards 5 size 8 Array Of Cards #cards 12 size 40 Howl #buckets 4 coarsen threshold 1843 Howl Bitmap #cards 512 size 80 coarsen threshold 460 Card regions per heap region 1 cards per card region 2048
 CPUs: 8 total, 8 available
 Memory: 7959M
 Large Page Support: Disabled
 NUMA Support: Disabled
 Compressed Oops: Enabled (32-bit)
 Heap Region Size: 1M
 Heap Min Capacity: 8M
 Heap Initial Capacity: 126M
 Heap Max Capacity: 2G
 Pre-touch: Disabled
 Parallel Workers: 8
 Concurrent Workers: 2
 Concurrent Refinement Workers: 8
 Periodic GC: Disabled
Heap:
 garbage-first heap   total 97280K, used 69906K [0x0000000080000000, 0x0000000100000000)
  region size 1024K, 24 young (24576K), 3 survivors (3072K)
 Metaspace       used 59280K, committed 61120K, reserved 1114112K
  class space    used 8372K, committed 9280K, reserved 1048576K
GC Heap History (20 events):
Event: 13.669 GC heap before
{Heap before GC invocations=4 (full 0):
 garbage-first heap   total 129024K, used 38363K [0x0000000080000000, 0x0000000100000000)
  region size 1024K, 25 young (25600K), 10 survivors (10240K)
 Metaspace       used 20839K, committed 21504K, reserved 1114112K
  class space    used 2989K, committed 3328K, reserved 1048576K
}
Event: 13.676 GC heap after
{Heap after GC invocations=5 (full 0):
 garbage-first heap   total 129024K, used 25250K [0x0000000080000000, 0x0000000100000000)
  region size 1024K, 2 young (2048K), 2 survivors (2048K)
 Metaspace       used 20839K, committed 21504K, reserved 1114112K
  class space    used 2989K, committed 3328K, reserved 1048576K
}
Event: 17.409 GC heap before
{Heap before GC invocations=6 (full 0):
 garbage-first heap   total 89088K, used 87714K [0x0000000080000000, 0x0000000100000000)
  region size 1024K, 64 young (65536K), 2 survivors (2048K)
 Metaspace       used 28874K, committed 29888K, reserved 1114112K
  class space    used 4248K, committed 4736K, reserved 1048576K
}
Event: 17.417 GC heap after
{Heap after GC invocations=7 (full 0):
 garbage-first heap   total 95232K, used 29543K [0x0000000080000000, 0x0000000100000000)
  region size 1024K, 6 young (6144K), 6 survivors (6144K)
 Metaspace       used 28874K, committed 29888K, reserved 1114112K
  class space    used 4248K, committed 4736K, reserved 1048576K
}
Event: 21.847 GC heap before
{Heap before GC invocations=7 (full 0):
 garbage-first heap   total 95232K, used 72551K [0x0000000080000000, 0x0000000100000000)
  region size 1024K, 49 young (50176K), 6 survivors (6144K)
 Metaspace       used 34649K, committed 35968K, reserved 1114112K
  class space    used 5129K, committed 5824K, reserved 1048576K
}
Event: 21.853 GC heap after
{Heap after GC invocations=8 (full 0):
 garbage-first heap   total 95232K, used 32545K [0x0000000080000000, 0x0000000100000000)
  region size 1024K, 4 young (4096K), 4 survivors (4096K)
 Metaspace       used 34649K, committed 35968K, reserved 1114112K
  class space    used 5129K, committed 5824K, reserved 1048576K
}
Event: 21.917 GC heap before
{Heap before GC invocations=8 (full 0):
 garbage-first heap   total 95232K, used 33569K [0x0000000080000000, 0x0000000100000000)
  region size 1024K, 6 young (6144K), 4 survivors (4096K)
 Metaspace       used 34987K, committed 36288K, reserved 1114112K
  class space    used 5163K, committed 5824K, reserved 1048576K
}
Event: 21.920 GC heap after
{Heap after GC invocations=9 (full 0):
 garbage-first heap   total 95232K, used 32585K [0x0000000080000000, 0x0000000100000000)
  region size 1024K, 4 young (4096K), 4 survivors (4096K)
 Metaspace       used 34987K, committed 36288K, reserved 1114112K
  class space    used 5163K, committed 5824K, reserved 1048576K
}
Event: 29.573 GC heap before
{Heap before GC invocations=10 (full 0):
 garbage-first heap   total 95232K, used 86857K [0x0000000080000000, 0x0000000100000000)
  region size 1024K, 53 young (54272K), 4 survivors (4096K)
 Metaspace       used 40757K, committed 42112K, reserved 1114112K
  class space    used 5716K, committed 6400K, reserved 1048576K
}
Event: 29.580 GC heap after
{Heap after GC invocations=11 (full 0):
 garbage-first heap   total 97280K, used 37312K [0x0000000080000000, 0x0000000100000000)
  region size 1024K, 7 young (7168K), 7 survivors (7168K)
 Metaspace       used 40757K, committed 42112K, reserved 1114112K
  class space    used 5716K, committed 6400K, reserved 1048576K
}
Event: 37.004 GC heap before
{Heap before GC invocations=11 (full 0):
 garbage-first heap   total 97280K, used 83392K [0x0000000080000000, 0x0000000100000000)
  region size 1024K, 52 young (53248K), 7 survivors (7168K)
 Metaspace       used 43574K, committed 45120K, reserved 1114112K
  class space    used 6155K, committed 6912K, reserved 1048576K
}
Event: 37.010 GC heap after
{Heap after GC invocations=12 (full 0):
 garbage-first heap   total 97280K, used 39100K [0x0000000080000000, 0x0000000100000000)
  region size 1024K, 2 young (2048K), 2 survivors (2048K)
 Metaspace       used 43574K, committed 45120K, reserved 1114112K
  class space    used 6155K, committed 6912K, reserved 1048576K
}
Event: 43.525 GC heap before
{Heap before GC invocations=12 (full 0):
 garbage-first heap   total 97280K, used 87228K [0x0000000080000000, 0x0000000100000000)
  region size 1024K, 48 young (49152K), 2 survivors (2048K)
 Metaspace       used 50093K, committed 51776K, reserved 1114112K
  class space    used 6996K, committed 7872K, reserved 1048576K
}
Event: 43.528 GC heap after
{Heap after GC invocations=13 (full 0):
 garbage-first heap   total 97280K, used 41274K [0x0000000080000000, 0x0000000100000000)
  region size 1024K, 4 young (4096K), 4 survivors (4096K)
 Metaspace       used 50093K, committed 51776K, reserved 1114112K
  class space    used 6996K, committed 7872K, reserved 1048576K
}
Event: 48.898 GC heap before
{Heap before GC invocations=13 (full 0):
 garbage-first heap   total 97280K, used 86330K [0x0000000080000000, 0x0000000100000000)
  region size 1024K, 48 young (49152K), 4 survivors (4096K)
 Metaspace       used 55291K, committed 57088K, reserved 1114112K
  class space    used 7806K, committed 8704K, reserved 1048576K
}
Event: 48.904 GC heap after
{Heap after GC invocations=14 (full 0):
 garbage-first heap   total 97280K, used 44161K [0x0000000080000000, 0x0000000100000000)
  region size 1024K, 6 young (6144K), 6 survivors (6144K)
 Metaspace       used 55291K, committed 57088K, reserved 1114112K
  class space    used 7806K, committed 8704K, reserved 1048576K
}
Event: 61.135 GC heap before
{Heap before GC invocations=14 (full 0):
 garbage-first heap   total 97280K, used 84097K [0x0000000080000000, 0x0000000100000000)
  region size 1024K, 45 young (46080K), 6 survivors (6144K)
 Metaspace       used 58436K, committed 60288K, reserved 1114112K
  class space    used 8279K, committed 9216K, reserved 1048576K
}
Event: 61.144 GC heap after
{Heap after GC invocations=15 (full 0):
 garbage-first heap   total 97280K, used 47520K [0x0000000080000000, 0x0000000100000000)
  region size 1024K, 6 young (6144K), 6 survivors (6144K)
 Metaspace       used 58436K, committed 60288K, reserved 1114112K
  class space    used 8279K, committed 9216K, reserved 1048576K
}
Event: 63.502 GC heap before
{Heap before GC invocations=15 (full 0):
 garbage-first heap   total 97280K, used 58784K [0x0000000080000000, 0x0000000100000000)
  region size 1024K, 19 young (19456K), 6 survivors (6144K)
 Metaspace       used 58897K, committed 60736K, reserved 1114112K
  class space    used 8322K, committed 9216K, reserved 1048576K
}
Event: 63.507 GC heap after
{Heap after GC invocations=16 (full 0):
 garbage-first heap   total 97280K, used 50450K [0x0000000080000000, 0x0000000100000000)
  region size 1024K, 3 young (3072K), 3 survivors (3072K)
 Metaspace       used 58897K, committed 60736K, reserved 1114112K
  class space    used 8322K, committed 9216K, reserved 1048576K
}

