# JRE version: Java(TM) SE Runtime Environment (21.0.4+8) (build 21.0.4+8-LTS-274)
# Java VM: Java HotSpot(TM) 64-Bit Server VM (21.0.4+8-LTS-274, mixed mode, sharing, tiered, compressed oops, compressed class ptrs, g1 gc, windows-amd64)
GC Precious Log:
 CardTable entry size: 512
 Card Set container configuration: InlinePtr #cards 5 size 8 Array Of Cards #cards 12 size 40 Howl #buckets 4 coarsen threshold 1843 Howl Bitmap #cards 512 size 80 coarsen threshold 460 Card regions per heap region 1 cards per card region 2048
 CPUs: 8 total, 8 available
 Memory: 7959M
 Large Page Support: Disabled
 NUMA Support: Disabled
 Compressed Oops: Enabled (32-bit)
 Heap Region Size: 1M
 Heap Min Capacity: 8M
 Heap Initial Capacity: 126M
 Heap Max Capacity: 2G
 Pre-touch: Disabled
 Parallel Workers: 8
 Concurrent Workers: 2
 Concurrent Refinement Workers: 8
 Periodic GC: Disabled
Heap:
 garbage-first heap   total 97280K, used 72106K [0x0000000080000000, 0x0000000100000000)
  region size 1024K, 28 young (28672K), 5 survivors (5120K)
 Metaspace       used 59383K, committed 61184K, reserved 1114112K
  class space    used 8392K, committed 9280K, reserved 1048576K
GC Heap History (20 events):
Event: 9.899 GC heap before
{Heap before GC invocations=4 (full 0):
 garbage-first heap   total 129024K, used 40376K [0x0000000080000000, 0x0000000100000000)
  region size 1024K, 27 young (27648K), 10 survivors (10240K)
 Metaspace       used 20852K, committed 21504K, reserved 1114112K
  class space    used 2989K, committed 3328K, reserved 1048576K
}
Event: 9.908 GC heap after
{Heap after GC invocations=5 (full 0):
 garbage-first heap   total 129024K, used 25422K [0x0000000080000000, 0x0000000100000000)
  region size 1024K, 2 young (2048K), 2 survivors (2048K)
 Metaspace       used 20852K, committed 21504K, reserved 1114112K
  class space    used 2989K, committed 3328K, reserved 1048576K
}
Event: 19.743 GC heap before
{Heap before GC invocations=6 (full 0):
 garbage-first heap   total 89088K, used 87886K [0x0000000080000000, 0x0000000100000000)
  region size 1024K, 64 young (65536K), 2 survivors (2048K)
 Metaspace       used 28904K, committed 29952K, reserved 1114112K
  class space    used 4255K, committed 4736K, reserved 1048576K
}
Event: 19.748 GC heap after
{Heap after GC invocations=7 (full 0):
 garbage-first heap   total 95232K, used 29696K [0x0000000080000000, 0x0000000100000000)
  region size 1024K, 6 young (6144K), 6 survivors (6144K)
 Metaspace       used 28904K, committed 29952K, reserved 1114112K
  class space    used 4255K, committed 4736K, reserved 1048576K
}
Event: 29.649 GC heap before
{Heap before GC invocations=7 (full 0):
 garbage-first heap   total 95232K, used 71680K [0x0000000080000000, 0x0000000100000000)
  region size 1024K, 48 young (49152K), 6 survivors (6144K)
 Metaspace       used 34630K, committed 35968K, reserved 1114112K
  class space    used 5125K, committed 5824K, reserved 1048576K
}
Event: 29.656 GC heap after
{Heap after GC invocations=8 (full 0):
 garbage-first heap   total 95232K, used 32667K [0x0000000080000000, 0x0000000100000000)
  region size 1024K, 4 young (4096K), 4 survivors (4096K)
 Metaspace       used 34630K, committed 35968K, reserved 1114112K
  class space    used 5125K, committed 5824K, reserved 1048576K
}
Event: 30.487 GC heap before
{Heap before GC invocations=8 (full 0):
 garbage-first heap   total 95232K, used 33691K [0x0000000080000000, 0x0000000100000000)
  region size 1024K, 6 young (6144K), 4 survivors (4096K)
 Metaspace       used 34996K, committed 36288K, reserved 1114112K
  class space    used 5164K, committed 5824K, reserved 1048576K
}
Event: 30.492 GC heap after
{Heap after GC invocations=9 (full 0):
 garbage-first heap   total 95232K, used 32800K [0x0000000080000000, 0x0000000100000000)
  region size 1024K, 4 young (4096K), 4 survivors (4096K)
 Metaspace       used 34996K, committed 36288K, reserved 1114112K
  class space    used 5164K, committed 5824K, reserved 1048576K
}
Event: 40.423 GC heap before
{Heap before GC invocations=10 (full 0):
 garbage-first heap   total 95232K, used 86048K [0x0000000080000000, 0x0000000100000000)
  region size 1024K, 52 young (53248K), 4 survivors (4096K)
 Metaspace       used 40848K, committed 42240K, reserved 1114112K
  class space    used 5731K, committed 6400K, reserved 1048576K
}
Event: 40.430 GC heap after
{Heap after GC invocations=11 (full 0):
 garbage-first heap   total 97280K, used 38360K [0x0000000080000000, 0x0000000100000000)
  region size 1024K, 7 young (7168K), 7 survivors (7168K)
 Metaspace       used 40848K, committed 42240K, reserved 1114112K
  class space    used 5731K, committed 6400K, reserved 1048576K
}
Event: 48.174 GC heap before
{Heap before GC invocations=11 (full 0):
 garbage-first heap   total 97280K, used 83416K [0x0000000080000000, 0x0000000100000000)
  region size 1024K, 51 young (52224K), 7 survivors (7168K)
 Metaspace       used 43591K, committed 45120K, reserved 1114112K
  class space    used 6161K, committed 6912K, reserved 1048576K
}
Event: 48.182 GC heap after
{Heap after GC invocations=12 (full 0):
 garbage-first heap   total 97280K, used 41121K [0x0000000080000000, 0x0000000100000000)
  region size 1024K, 3 young (3072K), 3 survivors (3072K)
 Metaspace       used 43591K, committed 45120K, reserved 1114112K
  class space    used 6161K, committed 6912K, reserved 1048576K
}
Event: 52.582 GC heap before
{Heap before GC invocations=12 (full 0):
 garbage-first heap   total 97280K, used 87201K [0x0000000080000000, 0x0000000100000000)
  region size 1024K, 46 young (47104K), 3 survivors (3072K)
 Metaspace       used 49954K, committed 51584K, reserved 1114112K
  class space    used 6983K, committed 7808K, reserved 1048576K
}
Event: 52.585 GC heap after
{Heap after GC invocations=13 (full 0):
 garbage-first heap   total 97280K, used 42091K [0x0000000080000000, 0x0000000100000000)
  region size 1024K, 4 young (4096K), 4 survivors (4096K)
 Metaspace       used 49954K, committed 51584K, reserved 1114112K
  class space    used 6983K, committed 7808K, reserved 1048576K
}
Event: 60.000 GC heap before
{Heap before GC invocations=13 (full 0):
 garbage-first heap   total 97280K, used 86123K [0x0000000080000000, 0x0000000100000000)
  region size 1024K, 47 young (48128K), 4 survivors (4096K)
 Metaspace       used 54940K, committed 56704K, reserved 1114112K
  class space    used 7756K, committed 8640K, reserved 1048576K
}
Event: 60.005 GC heap after
{Heap after GC invocations=14 (full 0):
 garbage-first heap   total 97280K, used 45395K [0x0000000080000000, 0x0000000100000000)
  region size 1024K, 5 young (5120K), 5 survivors (5120K)
 Metaspace       used 54940K, committed 56704K, reserved 1114112K
  class space    used 7756K, committed 8640K, reserved 1048576K
}
Event: 68.162 GC heap before
{Heap before GC invocations=14 (full 0):
 garbage-first heap   total 97280K, used 85331K [0x0000000080000000, 0x0000000100000000)
  region size 1024K, 44 young (45056K), 5 survivors (5120K)
 Metaspace       used 58378K, committed 60224K, reserved 1114112K
  class space    used 8288K, committed 9216K, reserved 1048576K
}
Event: 68.207 GC heap after
{Heap after GC invocations=15 (full 0):
 garbage-first heap   total 97280K, used 48667K [0x0000000080000000, 0x0000000100000000)
  region size 1024K, 6 young (6144K), 6 survivors (6144K)
 Metaspace       used 58378K, committed 60224K, reserved 1114112K
  class space    used 8288K, committed 9216K, reserved 1048576K
}
Event: 74.289 GC heap before
{Heap before GC invocations=15 (full 0):
 garbage-first heap   total 97280K, used 59931K [0x0000000080000000, 0x0000000100000000)
  region size 1024K, 18 young (18432K), 6 survivors (6144K)
 Metaspace       used 58832K, committed 60608K, reserved 1114112K
  class space    used 8315K, committed 9216K, reserved 1048576K
}
Event: 74.351 GC heap after
{Heap after GC invocations=16 (full 0):
 garbage-first heap   total 97280K, used 50602K [0x0000000080000000, 0x0000000100000000)
  region size 1024K, 5 young (5120K), 5 survivors (5120K)
 Metaspace       used 58832K, committed 60608K, reserved 1114112K
  class space    used 8315K, committed 9216K, reserved 1048576K
}

