# JRE version: OpenJDK Runtime Environment Temurin-21.0.5+11 (21.0.5+11) (build 21.0.5+11-LTS)
# Java VM: OpenJDK 64-Bit Server VM Temurin-21.0.5+11 (21.0.5+11-LTS, mixed mode, sharing, tiered, compressed oops, compressed class ptrs, parallel gc, windows-amd64)
GC Precious Log:
 CardTable entry size: 512
 CPUs: 8 total, 8 available
 Memory: 7959M
 Large Page Support: Disabled
 NUMA Support: Disabled
 Compressed Oops: Enabled (32-bit)
 Alignments: Space 512K, Generation 512K, Heap 2M
 Heap Min Capacity: 100M
 Heap Initial Capacity: 100M
 Heap Max Capacity: 1G
 Pre-touch: Disabled
 Parallel Workers: 8
Heap:
 PSYoungGen      total 23040K, used 8434K [0x00000000eab00000, 0x00000000ec680000, 0x0000000100000000)
  eden space 22016K, 33% used [0x00000000eab00000,0x00000000eb23c9f0,0x00000000ec080000)
  from space 1024K, 100% used [0x00000000ec400000,0x00000000ec500000,0x00000000ec500000)
  to   space 3072K, 0% used [0x00000000ec080000,0x00000000ec080000,0x00000000ec380000)
 ParOldGen       total 68608K, used 20334K [0x00000000c0000000, 0x00000000c4300000, 0x00000000eab00000)
  object space 68608K, 29% used [0x00000000c0000000,0x00000000c13db8d8,0x00000000c4300000)
 Metaspace       used 43303K, committed 44352K, reserved 1114112K
  class space    used 4604K, committed 4992K, reserved 1048576K
GC Heap History (20 events):
Event: 14.255 GC heap before
{Heap before GC invocations=9 (full 1):
 PSYoungGen      total 28672K, used 24576K [0x00000000eab00000, 0x00000000ecc00000, 0x0000000100000000)
  eden space 24576K, 100% used [0x00000000eab00000,0x00000000ec300000,0x00000000ec300000)
  from space 4096K, 0% used [0x00000000ec400000,0x00000000ec400000,0x00000000ec800000)
  to   space 4096K, 0% used [0x00000000ec800000,0x00000000ec800000,0x00000000ecc00000)
 ParOldGen       total 68608K, used 12516K [0x00000000c0000000, 0x00000000c4300000, 0x00000000eab00000)
  object space 68608K, 18% used [0x00000000c0000000,0x00000000c0c39268,0x00000000c4300000)
 Metaspace       used 24561K, committed 25344K, reserved 1114112K
  class space    used 2332K, committed 2624K, reserved 1048576K
}
Event: 14.257 GC heap after
{Heap after GC invocations=9 (full 1):
 PSYoungGen      total 25088K, used 557K [0x00000000eab00000, 0x00000000ec900000, 0x0000000100000000)
  eden space 24064K, 0% used [0x00000000eab00000,0x00000000eab00000,0x00000000ec280000)
  from space 1024K, 54% used [0x00000000ec800000,0x00000000ec88b478,0x00000000ec900000)
  to   space 2048K, 0% used [0x00000000ec500000,0x00000000ec500000,0x00000000ec700000)
 ParOldGen       total 68608K, used 12524K [0x00000000c0000000, 0x00000000c4300000, 0x00000000eab00000)
  object space 68608K, 18% used [0x00000000c0000000,0x00000000c0c3b268,0x00000000c4300000)
 Metaspace       used 24561K, committed 25344K, reserved 1114112K
  class space    used 2332K, committed 2624K, reserved 1048576K
}
Event: 15.250 GC heap before
{Heap before GC invocations=10 (full 1):
 PSYoungGen      total 25088K, used 24621K [0x00000000eab00000, 0x00000000ec900000, 0x0000000100000000)
  eden space 24064K, 100% used [0x00000000eab00000,0x00000000ec280000,0x00000000ec280000)
  from space 1024K, 54% used [0x00000000ec800000,0x00000000ec88b478,0x00000000ec900000)
  to   space 2048K, 0% used [0x00000000ec500000,0x00000000ec500000,0x00000000ec700000)
 ParOldGen       total 68608K, used 12524K [0x00000000c0000000, 0x00000000c4300000, 0x00000000eab00000)
  object space 68608K, 18% used [0x00000000c0000000,0x00000000c0c3b268,0x00000000c4300000)
 Metaspace       used 26498K, committed 27328K, reserved 1114112K
  class space    used 2535K, committed 2880K, reserved 1048576K
}
Event: 15.254 GC heap after
{Heap after GC invocations=10 (full 1):
 PSYoungGen      total 25600K, used 1691K [0x00000000eab00000, 0x00000000ec880000, 0x0000000100000000)
  eden space 23552K, 0% used [0x00000000eab00000,0x00000000eab00000,0x00000000ec200000)
  from space 2048K, 82% used [0x00000000ec500000,0x00000000ec6a6db0,0x00000000ec700000)
  to   space 1536K, 0% used [0x00000000ec700000,0x00000000ec700000,0x00000000ec880000)
 ParOldGen       total 68608K, used 13305K [0x00000000c0000000, 0x00000000c4300000, 0x00000000eab00000)
  object space 68608K, 19% used [0x00000000c0000000,0x00000000c0cfe778,0x00000000c4300000)
 Metaspace       used 26498K, committed 27328K, reserved 1114112K
  class space    used 2535K, committed 2880K, reserved 1048576K
}
Event: 16.407 GC heap before
{Heap before GC invocations=11 (full 1):
 PSYoungGen      total 25600K, used 25243K [0x00000000eab00000, 0x00000000ec880000, 0x0000000100000000)
  eden space 23552K, 100% used [0x00000000eab00000,0x00000000ec200000,0x00000000ec200000)
  from space 2048K, 82% used [0x00000000ec500000,0x00000000ec6a6db0,0x00000000ec700000)
  to   space 1536K, 0% used [0x00000000ec700000,0x00000000ec700000,0x00000000ec880000)
 ParOldGen       total 68608K, used 13305K [0x00000000c0000000, 0x00000000c4300000, 0x00000000eab00000)
  object space 68608K, 19% used [0x00000000c0000000,0x00000000c0cfe778,0x00000000c4300000)
 Metaspace       used 29902K, committed 30848K, reserved 1114112K
  class space    used 2925K, committed 3264K, reserved 1048576K
}
Event: 16.428 GC heap after
{Heap after GC invocations=11 (full 1):
 PSYoungGen      total 24576K, used 1528K [0x00000000eab00000, 0x00000000ec880000, 0x0000000100000000)
  eden space 23040K, 0% used [0x00000000eab00000,0x00000000eab00000,0x00000000ec180000)
  from space 1536K, 99% used [0x00000000ec700000,0x00000000ec87e278,0x00000000ec880000)
  to   space 3072K, 0% used [0x00000000ec280000,0x00000000ec280000,0x00000000ec580000)
 ParOldGen       total 68608K, used 14473K [0x00000000c0000000, 0x00000000c4300000, 0x00000000eab00000)
  object space 68608K, 21% used [0x00000000c0000000,0x00000000c0e22670,0x00000000c4300000)
 Metaspace       used 29902K, committed 30848K, reserved 1114112K
  class space    used 2925K, committed 3264K, reserved 1048576K
}
Event: 17.296 GC heap before
{Heap before GC invocations=12 (full 1):
 PSYoungGen      total 24576K, used 24547K [0x00000000eab00000, 0x00000000ec880000, 0x0000000100000000)
  eden space 23040K, 99% used [0x00000000eab00000,0x00000000ec17aa58,0x00000000ec180000)
  from space 1536K, 99% used [0x00000000ec700000,0x00000000ec87e278,0x00000000ec880000)
  to   space 3072K, 0% used [0x00000000ec280000,0x00000000ec280000,0x00000000ec580000)
 ParOldGen       total 68608K, used 14499K [0x00000000c0000000, 0x00000000c4300000, 0x00000000eab00000)
  object space 68608K, 21% used [0x00000000c0000000,0x00000000c0e28c10,0x00000000c4300000)
 Metaspace       used 32264K, committed 33280K, reserved 1114112K
  class space    used 3212K, committed 3584K, reserved 1048576K
}
Event: 17.301 GC heap after
{Heap after GC invocations=12 (full 1):
 PSYoungGen      total 25088K, used 1978K [0x00000000eab00000, 0x00000000ec780000, 0x0000000100000000)
  eden space 23040K, 0% used [0x00000000eab00000,0x00000000eab00000,0x00000000ec180000)
  from space 2048K, 96% used [0x00000000ec280000,0x00000000ec46e948,0x00000000ec480000)
  to   space 2560K, 0% used [0x00000000ec500000,0x00000000ec500000,0x00000000ec780000)
 ParOldGen       total 68608K, used 16029K [0x00000000c0000000, 0x00000000c4300000, 0x00000000eab00000)
  object space 68608K, 23% used [0x00000000c0000000,0x00000000c0fa74e0,0x00000000c4300000)
 Metaspace       used 32264K, committed 33280K, reserved 1114112K
  class space    used 3212K, committed 3584K, reserved 1048576K
}
Event: 18.237 GC heap before
{Heap before GC invocations=13 (full 1):
 PSYoungGen      total 25088K, used 25018K [0x00000000eab00000, 0x00000000ec780000, 0x0000000100000000)
  eden space 23040K, 100% used [0x00000000eab00000,0x00000000ec180000,0x00000000ec180000)
  from space 2048K, 96% used [0x00000000ec280000,0x00000000ec46e948,0x00000000ec480000)
  to   space 2560K, 0% used [0x00000000ec500000,0x00000000ec500000,0x00000000ec780000)
 ParOldGen       total 68608K, used 16032K [0x00000000c0000000, 0x00000000c4300000, 0x00000000eab00000)
  object space 68608K, 23% used [0x00000000c0000000,0x00000000c0fa8370,0x00000000c4300000)
 Metaspace       used 34659K, committed 35776K, reserved 1114112K
  class space    used 3520K, committed 3968K, reserved 1048576K
}
Event: 18.242 GC heap after
{Heap after GC invocations=13 (full 1):
 PSYoungGen      total 24576K, used 1624K [0x00000000eab00000, 0x00000000ec700000, 0x0000000100000000)
  eden space 22528K, 0% used [0x00000000eab00000,0x00000000eab00000,0x00000000ec100000)
  from space 2048K, 79% used [0x00000000ec500000,0x00000000ec696090,0x00000000ec700000)
  to   space 2048K, 0% used [0x00000000ec300000,0x00000000ec300000,0x00000000ec500000)
 ParOldGen       total 68608K, used 17268K [0x00000000c0000000, 0x00000000c4300000, 0x00000000eab00000)
  object space 68608K, 25% used [0x00000000c0000000,0x00000000c10dd250,0x00000000c4300000)
 Metaspace       used 34659K, committed 35776K, reserved 1114112K
  class space    used 3520K, committed 3968K, reserved 1048576K
}
Event: 18.264 GC heap before
{Heap before GC invocations=14 (full 1):
 PSYoungGen      total 24576K, used 2271K [0x00000000eab00000, 0x00000000ec700000, 0x0000000100000000)
  eden space 22528K, 2% used [0x00000000eab00000,0x00000000eaba1f60,0x00000000ec100000)
  from space 2048K, 79% used [0x00000000ec500000,0x00000000ec696090,0x00000000ec700000)
  to   space 2048K, 0% used [0x00000000ec300000,0x00000000ec300000,0x00000000ec500000)
 ParOldGen       total 68608K, used 17268K [0x00000000c0000000, 0x00000000c4300000, 0x00000000eab00000)
  object space 68608K, 25% used [0x00000000c0000000,0x00000000c10dd250,0x00000000c4300000)
 Metaspace       used 34745K, committed 35840K, reserved 1114112K
  class space    used 3526K, committed 3968K, reserved 1048576K
}
Event: 18.270 GC heap after
{Heap after GC invocations=14 (full 1):
 PSYoungGen      total 23040K, used 192K [0x00000000eab00000, 0x00000000ec580000, 0x0000000100000000)
  eden space 22528K, 0% used [0x00000000eab00000,0x00000000eab00000,0x00000000ec100000)
  from space 512K, 37% used [0x00000000ec300000,0x00000000ec330000,0x00000000ec380000)
  to   space 1024K, 0% used [0x00000000ec480000,0x00000000ec480000,0x00000000ec580000)
 ParOldGen       total 68608K, used 18678K [0x00000000c0000000, 0x00000000c4300000, 0x00000000eab00000)
  object space 68608K, 27% used [0x00000000c0000000,0x00000000c123daf8,0x00000000c4300000)
 Metaspace       used 34745K, committed 35840K, reserved 1114112K
  class space    used 3526K, committed 3968K, reserved 1048576K
}
Event: 18.270 GC heap before
{Heap before GC invocations=15 (full 2):
 PSYoungGen      total 23040K, used 192K [0x00000000eab00000, 0x00000000ec580000, 0x0000000100000000)
  eden space 22528K, 0% used [0x00000000eab00000,0x00000000eab00000,0x00000000ec100000)
  from space 512K, 37% used [0x00000000ec300000,0x00000000ec330000,0x00000000ec380000)
  to   space 1024K, 0% used [0x00000000ec480000,0x00000000ec480000,0x00000000ec580000)
 ParOldGen       total 68608K, used 18678K [0x00000000c0000000, 0x00000000c4300000, 0x00000000eab00000)
  object space 68608K, 27% used [0x00000000c0000000,0x00000000c123daf8,0x00000000c4300000)
 Metaspace       used 34745K, committed 35840K, reserved 1114112K
  class space    used 3526K, committed 3968K, reserved 1048576K
}
Event: 18.330 GC heap after
{Heap after GC invocations=15 (full 2):
 PSYoungGen      total 23040K, used 0K [0x00000000eab00000, 0x00000000ec580000, 0x0000000100000000)
  eden space 22528K, 0% used [0x00000000eab00000,0x00000000eab00000,0x00000000ec100000)
  from space 512K, 0% used [0x00000000ec300000,0x00000000ec300000,0x00000000ec380000)
  to   space 1024K, 0% used [0x00000000ec480000,0x00000000ec480000,0x00000000ec580000)
 ParOldGen       total 68608K, used 18148K [0x00000000c0000000, 0x00000000c4300000, 0x00000000eab00000)
  object space 68608K, 26% used [0x00000000c0000000,0x00000000c11b9110,0x00000000c4300000)
 Metaspace       used 34742K, committed 35840K, reserved 1114112K
  class space    used 3525K, committed 3968K, reserved 1048576K
}
Event: 19.724 GC heap before
{Heap before GC invocations=16 (full 2):
 PSYoungGen      total 23040K, used 22528K [0x00000000eab00000, 0x00000000ec580000, 0x0000000100000000)
  eden space 22528K, 100% used [0x00000000eab00000,0x00000000ec100000,0x00000000ec100000)
  from space 512K, 0% used [0x00000000ec300000,0x00000000ec300000,0x00000000ec380000)
  to   space 1024K, 0% used [0x00000000ec480000,0x00000000ec480000,0x00000000ec580000)
 ParOldGen       total 68608K, used 18148K [0x00000000c0000000, 0x00000000c4300000, 0x00000000eab00000)
  object space 68608K, 26% used [0x00000000c0000000,0x00000000c11b9110,0x00000000c4300000)
 Metaspace       used 37006K, committed 38080K, reserved 1114112K
  class space    used 3819K, committed 4224K, reserved 1048576K
}
Event: 19.728 GC heap after
{Heap after GC invocations=16 (full 2):
 PSYoungGen      total 23040K, used 960K [0x00000000eab00000, 0x00000000ec580000, 0x0000000100000000)
  eden space 22016K, 0% used [0x00000000eab00000,0x00000000eab00000,0x00000000ec080000)
  from space 1024K, 93% used [0x00000000ec480000,0x00000000ec570000,0x00000000ec580000)
  to   space 1536K, 0% used [0x00000000ec280000,0x00000000ec280000,0x00000000ec400000)
 ParOldGen       total 68608K, used 18156K [0x00000000c0000000, 0x00000000c4300000, 0x00000000eab00000)
  object space 68608K, 26% used [0x00000000c0000000,0x00000000c11bb110,0x00000000c4300000)
 Metaspace       used 37006K, committed 38080K, reserved 1114112K
  class space    used 3819K, committed 4224K, reserved 1048576K
}
Event: 21.110 GC heap before
{Heap before GC invocations=17 (full 2):
 PSYoungGen      total 23040K, used 22976K [0x00000000eab00000, 0x00000000ec580000, 0x0000000100000000)
  eden space 22016K, 100% used [0x00000000eab00000,0x00000000ec080000,0x00000000ec080000)
  from space 1024K, 93% used [0x00000000ec480000,0x00000000ec570000,0x00000000ec580000)
  to   space 1536K, 0% used [0x00000000ec280000,0x00000000ec280000,0x00000000ec400000)
 ParOldGen       total 68608K, used 18156K [0x00000000c0000000, 0x00000000c4300000, 0x00000000eab00000)
  object space 68608K, 26% used [0x00000000c0000000,0x00000000c11bb110,0x00000000c4300000)
 Metaspace       used 39721K, committed 40704K, reserved 1114112K
  class space    used 4151K, committed 4544K, reserved 1048576K
}
Event: 21.114 GC heap after
{Heap after GC invocations=17 (full 2):
 PSYoungGen      total 23552K, used 1408K [0x00000000eab00000, 0x00000000ec500000, 0x0000000100000000)
  eden space 22016K, 0% used [0x00000000eab00000,0x00000000eab00000,0x00000000ec080000)
  from space 1536K, 91% used [0x00000000ec280000,0x00000000ec3e0000,0x00000000ec400000)
  to   space 1024K, 0% used [0x00000000ec400000,0x00000000ec400000,0x00000000ec500000)
 ParOldGen       total 68608K, used 18948K [0x00000000c0000000, 0x00000000c4300000, 0x00000000eab00000)
  object space 68608K, 27% used [0x00000000c0000000,0x00000000c1281110,0x00000000c4300000)
 Metaspace       used 39721K, committed 40704K, reserved 1114112K
  class space    used 4151K, committed 4544K, reserved 1048576K
}
Event: 23.636 GC heap before
{Heap before GC invocations=18 (full 2):
 PSYoungGen      total 23552K, used 23421K [0x00000000eab00000, 0x00000000ec500000, 0x0000000100000000)
  eden space 22016K, 99% used [0x00000000eab00000,0x00000000ec07f7d0,0x00000000ec080000)
  from space 1536K, 91% used [0x00000000ec280000,0x00000000ec3e0000,0x00000000ec400000)
  to   space 1024K, 0% used [0x00000000ec400000,0x00000000ec400000,0x00000000ec500000)
 ParOldGen       total 68608K, used 18948K [0x00000000c0000000, 0x00000000c4300000, 0x00000000eab00000)
  object space 68608K, 27% used [0x00000000c0000000,0x00000000c1281110,0x00000000c4300000)
 Metaspace       used 42492K, committed 43584K, reserved 1114112K
  class space    used 4502K, committed 4928K, reserved 1048576K
}
Event: 23.644 GC heap after
{Heap after GC invocations=18 (full 2):
 PSYoungGen      total 23040K, used 1024K [0x00000000eab00000, 0x00000000ec680000, 0x0000000100000000)
  eden space 22016K, 0% used [0x00000000eab00000,0x00000000eab00000,0x00000000ec080000)
  from space 1024K, 100% used [0x00000000ec400000,0x00000000ec500000,0x00000000ec500000)
  to   space 3072K, 0% used [0x00000000ec080000,0x00000000ec080000,0x00000000ec380000)
 ParOldGen       total 68608K, used 20334K [0x00000000c0000000, 0x00000000c4300000, 0x00000000eab00000)
  object space 68608K, 29% used [0x00000000c0000000,0x00000000c13db8d8,0x00000000c4300000)
 Metaspace       used 42492K, committed 43584K, reserved 1114112K
  class space    used 4502K, committed 4928K, reserved 1048576K
}

